<?xml version="1.0" encoding="UTF-8"?>
<testng-results ignored="0" total="1" passed="1" failed="0" skipped="0">
  <reporter-output>
  </reporter-output>
  <suite started-at="2021-10-10T00:43:55 PDT" name="Suite" finished-at="2021-10-10T00:44:03 PDT" duration-ms="7722">
    <groups>
    </groups>
    <test started-at="2021-10-10T00:43:55 PDT" name="Test" finished-at="2021-10-10T00:44:03 PDT" duration-ms="7722">
      <class name="webapp.PersonalShopper.git.UserRegisterTest">
        <test-method is-config="true" signature="beforeTest()[pri:0, instance:webapp.PersonalShopper.git.UserRegisterTest@fba92d3]" started-at="2021-10-10T00:43:55 PDT" name="beforeTest" finished-at="2021-10-10T00:43:58 PDT" duration-ms="3080" status="PASS">
          <reporter-output>
          </reporter-output>
        </test-method> <!-- beforeTest -->
        <test-method signature="insertRegForm()[pri:0, instance:webapp.PersonalShopper.git.UserRegisterTest@fba92d3]" started-at="2021-10-10T00:43:58 PDT" name="insertRegForm" finished-at="2021-10-10T00:44:01 PDT" duration-ms="3015" status="PASS">
          <reporter-output>
          </reporter-output>
        </test-method> <!-- insertRegForm -->
        <test-method is-config="true" signature="afterTest()[pri:0, instance:webapp.PersonalShopper.git.UserRegisterTest@fba92d3]" started-at="2021-10-10T00:44:01 PDT" name="afterTest" finished-at="2021-10-10T00:44:03 PDT" duration-ms="1548" status="PASS">
          <reporter-output>
          </reporter-output>
        </test-method> <!-- afterTest -->
      </class> <!-- webapp.PersonalShopper.git.UserRegisterTest -->
    </test> <!-- Test -->
  </suite> <!-- Suite -->
</testng-results>
